<?xml version="1.0" encoding="UTF-8"?>
<!-- Generated by org.testng.reporters.JUnitReportReporter -->
<testsuite skipped="0" hostname="RavindraTDV3700LNo06" name="MyFramework.Hybrid.GoogleHomeClass" tests="1" failures="0" timestamp="26 Dec 2018 05:40:28 GMT" time="3.851" errors="0">
  <testcase name="verifySearchButton" time="3.851" classname="MyFramework.Hybrid.GoogleHomeClass"/>
</testsuite> <!-- MyFramework.Hybrid.GoogleHomeClass -->
