<?xml version="1.0" encoding="UTF-8"?>
<!-- Generated by org.testng.reporters.JUnitReportReporter -->
<testsuite skipped="1" hostname="RavindraTDV3700LNo06" name="framework.Addproduct" tests="1" failures="0" timestamp="18 Jan 2019 12:28:49 GMT" time="0.000" errors="0">
  <testcase name="AddVariants" time="0.000" classname="framework.Addproduct">
    <skipped/>
  </testcase> <!-- AddVariants -->
</testsuite> <!-- framework.Addproduct -->
