<?xml version="1.0" encoding="UTF-8"?>
<!-- Generated by org.testng.reporters.JUnitReportReporter -->
<testsuite skipped="0" hostname="RavindraTDV3700LNo06" name="framework.ExcelToDataProvider" tests="1" failures="0" timestamp="29 Jan 2019 09:12:52 GMT" time="0.016" errors="0">
  <testcase name="AddVariants" time="0.016" classname="framework.ExcelToDataProvider"/>
</testsuite> <!-- framework.ExcelToDataProvider -->
